Login ok!!!!
save div!
loading: http://appstudio.windows.com/_test/e4f31614-7d41-4310-9652-47e984cb3520/simulator
simulator page ok!!
9bba3c92-15a9-4b8e-9761-430479c5feba
30fe00f9-7930-4b53-8d9d-8b4ea6b6ee65
a087fc8a-8401-4d45-8c81-4e7085e201c1
43eb0005-a9e3-497a-a617-debeac631831
4ce0901b-9dfc-4ffd-af62-5077972c7e8d
3d71b20f-609d-4193-9784-75a93f1d7a7a
e3eff428-b23b-47a9-91d3-0a3921089340
526597ae-6649-4250-a36d-cf19008f696f
6e936927-a3b1-4c2b-9b86-3aa5e1cae2e3
b47960fd-9f3b-443b-885f-6e257feabae8
05682c42-9998-44f6-890b-23da046c2dc8
c3954bdd-0360-447d-ab33-6cb562465d9a
6b62915f-b704-4b4c-8c0b-084c6751c29e
efd9e969-a458-4668-b1ad-8d6a357b2cca
d016103e-57f2-4940-9edf-712512cbe572
36a95260-17a0-42f2-b171-b80c5d715d12
534b492e-7da5-427a-b54a-3d1ad4da2ac3
cda02f4a-63f0-4479-a11c-07875a79d8d9
8e80ff40-b5ae-40ac-80d3-d7f280a09bdb
fcee78c2-6e29-4afe-bf20-957207850210
481b5174-350d-4bbb-8073-f7930f350b2a
3bfd04a7-c49c-4ef0-a63d-094af34575a5
11733af4-9249-4f6f-96ef-0179ddc30920
b1baae07-983c-4ba9-ba94-62b05ceac164
76972862-0d59-42db-a5a2-f4c190736212
8057396a-c81b-437b-8c50-7b3b927d6bb1
6ee783e3-8b49-4356-8a3f-efc2b42ed9ed
95c9afb9-0cc9-43ac-b04a-4b7713e4fc2c
a15e6433-9113-44d5-a352-01500ccb12c8
32019edf-cd95-41a3-bab1-562c1923377e
bda863cb-0cb7-4967-8681-f0bc21cbb4fc
ea3a548d-ee68-41ce-bcbb-d6c654e2eb94
ad248aad-707e-48d1-9c3d-9fb6728c586f
image 1
loading: http://appstudio.windows.com/_test/e4f31614-7d41-4310-9652-47e984cb3520/simulator/9bba3c92-15a9-4b8e-9761-430479c5feba
page 1 load started
GetSectionImage: WPsimulatorContent
GetClipRect: WPsimulatorContent
GetClipRect: W8simulatorContent
page 1 load finished
image 2
loading: http://appstudio.windows.com/_test/e4f31614-7d41-4310-9652-47e984cb3520/simulator/30fe00f9-7930-4b53-8d9d-8b4ea6b6ee65
page 2 load started
GetSectionImage: WPsimulatorContent
GetClipRect: WPsimulatorContent
GetClipRect: W8simulatorContent
page 2 load finished
image 3
loading: http://appstudio.windows.com/_test/e4f31614-7d41-4310-9652-47e984cb3520/simulator/a087fc8a-8401-4d45-8c81-4e7085e201c1
page 3 load started
GetSectionImage: WPsimulatorContent
GetClipRect: WPsimulatorContent
GetClipRect: W8simulatorContent
page 3 load finished
image 4
loading: http://appstudio.windows.com/_test/e4f31614-7d41-4310-9652-47e984cb3520/simulator/43eb0005-a9e3-497a-a617-debeac631831
page 4 load started
GetSectionImage: WPsimulatorContent
GetClipRect: WPsimulatorContent
GetClipRect: W8simulatorContent
page 4 load finished
image 5
loading: http://appstudio.windows.com/_test/e4f31614-7d41-4310-9652-47e984cb3520/simulator/4ce0901b-9dfc-4ffd-af62-5077972c7e8d
page 5 load started
GetSectionImage: WPsimulatorContent
GetClipRect: WPsimulatorContent
GetClipRect: W8simulatorContent
page 5 load finished
image 6
loading: http://appstudio.windows.com/_test/e4f31614-7d41-4310-9652-47e984cb3520/simulator/3d71b20f-609d-4193-9784-75a93f1d7a7a
page 6 load started
GetSectionImage: WPsimulatorContent
GetClipRect: WPsimulatorContent
GetClipRect: W8simulatorContent
page 6 load finished
image 7
loading: http://appstudio.windows.com/_test/e4f31614-7d41-4310-9652-47e984cb3520/simulator/e3eff428-b23b-47a9-91d3-0a3921089340
page 7 load started
GetSectionImage: WPsimulatorContent
GetClipRect: WPsimulatorContent
GetClipRect: W8simulatorContent
page 7 load finished
image 8
loading: http://appstudio.windows.com/_test/e4f31614-7d41-4310-9652-47e984cb3520/simulator/526597ae-6649-4250-a36d-cf19008f696f
image render complete!


Finished ok!!!!!